2017-10-01 12:34:29 Error: [MissingConnectionException] Database connection "Mysql" is missing, or could not be created.
Exception Attributes: array (
  'class' => 'Mysql',
  'message' => 'SQLSTATE[HY000] [1049] Unknown database \'cakephp_db\'',
  'enabled' => true,
)
Request URL: /
Stack Trace:
#0 /var/www/html/cake/lib/Cake/Model/Datasource/DboSource.php(271): Mysql->connect()
#1 /var/www/html/cake/lib/Cake/Model/ConnectionManager.php(105): DboSource->__construct(Array)
#2 /var/www/html/cake/lib/Cake/Model/Model.php(3640): ConnectionManager::getDataSource('default')
#3 /var/www/html/cake/lib/Cake/Model/Model.php(1162): Model->setDataSource('default')
#4 /var/www/html/cake/lib/Cake/Model/Model.php(3667): Model->setSource('posts')
#5 /var/www/html/cake/lib/Cake/Model/Model.php(3038): Model->getDataSource()
#6 /var/www/html/cake/lib/Cake/Model/Model.php(3010): Model->_readDataSource('all', Array)
#7 /var/www/html/cake/app/Controller/PostsController.php(7): Model->find('all')
#8 [internal function]: PostsController->index()
#9 /var/www/html/cake/lib/Cake/Controller/Controller.php(491): ReflectionMethod->invokeArgs(Object(PostsController), Array)
#10 /var/www/html/cake/lib/Cake/Routing/Dispatcher.php(193): Controller->invokeAction(Object(CakeRequest))
#11 /var/www/html/cake/lib/Cake/Routing/Dispatcher.php(167): Dispatcher->_invoke(Object(PostsController), Object(CakeRequest))
#12 /var/www/html/cake/app/webroot/index.php(117): Dispatcher->dispatch(Object(CakeRequest), Object(CakeResponse))
#13 {main}
2017-10-01 13:00:38 Error: [Error] Call to a member function allow() on null
Request URL: /users/login
Stack Trace:
#0 /var/www/html/cake/app/Controller/UsersController.php(73): AppController->beforeFilter()
#1 /var/www/html/cake/lib/Cake/Event/CakeEventManager.php(243): UsersController->beforeFilter(Object(CakeEvent))
#2 /var/www/html/cake/lib/Cake/Controller/Controller.php(677): CakeEventManager->dispatch(Object(CakeEvent))
#3 /var/www/html/cake/lib/Cake/Routing/Dispatcher.php(189): Controller->startupProcess()
#4 /var/www/html/cake/lib/Cake/Routing/Dispatcher.php(167): Dispatcher->_invoke(Object(UsersController), Object(CakeRequest))
#5 /var/www/html/cake/app/webroot/index.php(117): Dispatcher->dispatch(Object(CakeRequest), Object(CakeResponse))
#6 {main}
2017-10-01 13:00:38 Error: Fatal Error (1): Uncaught Error: Call to a member function allow() on null in /var/www/html/cake/app/Controller/AppController.php:40
Stack trace:
#0 /var/www/html/cake/lib/Cake/Event/CakeEventManager.php(243): AppController->beforeFilter(Object(CakeEvent))
#1 /var/www/html/cake/lib/Cake/Controller/Controller.php(677): CakeEventManager->dispatch(Object(CakeEvent))
#2 /var/www/html/cake/lib/Cake/Error/ExceptionRenderer.php(158): Controller->startupProcess()
#3 /var/www/html/cake/lib/Cake/Error/ExceptionRenderer.php(95): ExceptionRenderer->_getController(Object(Error))
#4 /var/www/html/cake/lib/Cake/Error/ErrorHandler.php(126): ExceptionRenderer->__construct(Object(Error))
#5 [internal function]: ErrorHandler::handleException(Object(Error))
#6 {main}
  thrown in [/var/www/html/cake/app/Controller/AppController.php, line 40]
2017-10-01 13:00:38 Error: [FatalErrorException] Uncaught Error: Call to a member function allow() on null in /var/www/html/cake/app/Controller/AppController.php:40
Stack trace:
#0 /var/www/html/cake/lib/Cake/Event/CakeEventManager.php(243): AppController->beforeFilter(Object(CakeEvent))
#1 /var/www/html/cake/lib/Cake/Controller/Controller.php(677): CakeEventManager->dispatch(Object(CakeEvent))
#2 /var/www/html/cake/lib/Cake/Error/ExceptionRenderer.php(158): Controller->startupProcess()
#3 /var/www/html/cake/lib/Cake/Error/ExceptionRenderer.php(95): ExceptionRenderer->_getController(Object(Error))
#4 /var/www/html/cake/lib/Cake/Error/ErrorHandler.php(126): ExceptionRenderer->__construct(Object(Error))
#5 [internal function]: ErrorHandler::handleException(Object(Error))
#6 {main}
  thrown
Request URL: /users/login
Stack Trace:
#0 /var/www/html/cake/lib/Cake/Error/ErrorHandler.php(212): ErrorHandler::handleFatalError(1, 'Uncaught Error:...', '/var/www/html/c...', 40)
#1 /var/www/html/cake/lib/Cake/Core/App.php(970): ErrorHandler::handleError(1, 'Uncaught Error:...', '/var/www/html/c...', 40, Array)
#2 /var/www/html/cake/lib/Cake/Core/App.php(943): App::_checkFatalError()
#3 [internal function]: App::shutdown()
#4 {main}
2017-10-01 13:01:16 Error: [MissingComponentException] Component class authorizeComponent could not be found.
Exception Attributes: array (
  'class' => 'authorizeComponent',
  'plugin' => false,
)
Request URL: /users/login
Stack Trace:
#0 /var/www/html/cake/lib/Cake/Controller/ComponentCollection.php(53): ComponentCollection->load('authorize', Array)
#1 /var/www/html/cake/lib/Cake/Controller/Controller.php(644): ComponentCollection->init(Object(UsersController))
#2 /var/www/html/cake/lib/Cake/Routing/Dispatcher.php(188): Controller->constructClasses()
#3 /var/www/html/cake/lib/Cake/Routing/Dispatcher.php(167): Dispatcher->_invoke(Object(UsersController), Object(CakeRequest))
#4 /var/www/html/cake/app/webroot/index.php(117): Dispatcher->dispatch(Object(CakeRequest), Object(CakeResponse))
#5 {main}
2017-10-01 13:01:39 Error: [Error] Call to a member function unauthenticated() on null
Request URL: /users/login
Stack Trace:
#0 /var/www/html/cake/lib/Cake/Controller/Component/AuthComponent.php(305): AuthComponent->_unauthenticated(Object(UsersController))
#1 /var/www/html/cake/lib/Cake/Utility/ObjectCollection.php(128): AuthComponent->startup(Object(UsersController))
#2 /var/www/html/cake/lib/Cake/Event/CakeEventManager.php(243): ObjectCollection->trigger('startup')
#3 /var/www/html/cake/lib/Cake/Controller/Controller.php(678): CakeEventManager->dispatch(Object(CakeEvent))
#4 /var/www/html/cake/lib/Cake/Routing/Dispatcher.php(189): Controller->startupProcess()
#5 /var/www/html/cake/lib/Cake/Routing/Dispatcher.php(167): Dispatcher->_invoke(Object(UsersController), Object(CakeRequest))
#6 /var/www/html/cake/app/webroot/index.php(117): Dispatcher->dispatch(Object(CakeRequest), Object(CakeResponse))
#7 {main}
2017-10-01 13:01:45 Error: [Error] Call to a member function unauthenticated() on null
Request URL: /users/login
Stack Trace:
#0 /var/www/html/cake/lib/Cake/Controller/Component/AuthComponent.php(305): AuthComponent->_unauthenticated(Object(UsersController))
#1 /var/www/html/cake/lib/Cake/Utility/ObjectCollection.php(128): AuthComponent->startup(Object(UsersController))
#2 /var/www/html/cake/lib/Cake/Event/CakeEventManager.php(243): ObjectCollection->trigger('startup')
#3 /var/www/html/cake/lib/Cake/Controller/Controller.php(678): CakeEventManager->dispatch(Object(CakeEvent))
#4 /var/www/html/cake/lib/Cake/Routing/Dispatcher.php(189): Controller->startupProcess()
#5 /var/www/html/cake/lib/Cake/Routing/Dispatcher.php(167): Dispatcher->_invoke(Object(UsersController), Object(CakeRequest))
#6 /var/www/html/cake/app/webroot/index.php(117): Dispatcher->dispatch(Object(CakeRequest), Object(CakeResponse))
#7 {main}
2017-10-01 13:01:55 Error: [Error] Call to a member function unauthenticated() on null
Request URL: /users/login
Stack Trace:
#0 /var/www/html/cake/lib/Cake/Controller/Component/AuthComponent.php(305): AuthComponent->_unauthenticated(Object(UsersController))
#1 /var/www/html/cake/lib/Cake/Utility/ObjectCollection.php(128): AuthComponent->startup(Object(UsersController))
#2 /var/www/html/cake/lib/Cake/Event/CakeEventManager.php(243): ObjectCollection->trigger('startup')
#3 /var/www/html/cake/lib/Cake/Controller/Controller.php(678): CakeEventManager->dispatch(Object(CakeEvent))
#4 /var/www/html/cake/lib/Cake/Routing/Dispatcher.php(189): Controller->startupProcess()
#5 /var/www/html/cake/lib/Cake/Routing/Dispatcher.php(167): Dispatcher->_invoke(Object(UsersController), Object(CakeRequest))
#6 /var/www/html/cake/app/webroot/index.php(117): Dispatcher->dispatch(Object(CakeRequest), Object(CakeResponse))
#7 {main}
2017-10-01 13:08:34 Error: [MissingViewException] View file "Users/index.ctp" is missing.
Exception Attributes: array (
  'file' => 'Users/index.ctp',
)
Request URL: /users
Stack Trace:
#0 /var/www/html/cake/lib/Cake/View/View.php(470): View->_getViewFileName('Users/index')
#1 /var/www/html/cake/lib/Cake/Controller/Controller.php(963): View->render(NULL, NULL)
#2 /var/www/html/cake/lib/Cake/Routing/Dispatcher.php(200): Controller->render()
#3 /var/www/html/cake/lib/Cake/Routing/Dispatcher.php(167): Dispatcher->_invoke(Object(UsersController), Object(CakeRequest))
#4 /var/www/html/cake/app/webroot/index.php(117): Dispatcher->dispatch(Object(CakeRequest), Object(CakeResponse))
#5 {main}
2017-10-01 14:02:16 Error: [MissingControllerException] Controller class LoginController could not be found.
Exception Attributes: array (
  'class' => 'LoginController',
  'plugin' => NULL,
)
Request URL: /login
Stack Trace:
#0 /var/www/html/cake/app/webroot/index.php(117): Dispatcher->dispatch(Object(CakeRequest), Object(CakeResponse))
#1 {main}
2017-10-01 14:13:47 Warning: Warning (512): Invalid salt: 123456 for blowfish Please visit http://www.php.net/crypt and read the appropriate section for building blowfish salts. in [/var/www/html/cake/lib/Cake/Utility/Security.php, line 323]
Trace:
ErrorHandler::handleError() - CORE/Cake/Error/ErrorHandler.php, line 230
Security::_crypt() - CORE/Cake/Utility/Security.php, line 323
Security::hash() - CORE/Cake/Utility/Security.php, line 115
BlowfishPasswordHasher::check() - CORE/Cake/Controller/Component/Auth/BlowfishPasswordHasher.php, line 45
BaseAuthenticate::_findUser() - CORE/Cake/Controller/Component/Auth/BaseAuthenticate.php, line 138
FormAuthenticate::authenticate() - CORE/Cake/Controller/Component/Auth/FormAuthenticate.php, line 78
AuthComponent::identify() - CORE/Cake/Controller/Component/AuthComponent.php, line 771
AuthComponent::login() - CORE/Cake/Controller/Component/AuthComponent.php, line 611
UsersController::login() - APP/Controller/UsersController.php, line 80
ReflectionMethod::invokeArgs() - [internal], line ??
Controller::invokeAction() - CORE/Cake/Controller/Controller.php, line 491
Dispatcher::_invoke() - CORE/Cake/Routing/Dispatcher.php, line 193
Dispatcher::dispatch() - CORE/Cake/Routing/Dispatcher.php, line 167
[main] - APP/webroot/index.php, line 117

2017-10-01 14:13:50 Warning: Warning (512): Invalid salt: 123456 for blowfish Please visit http://www.php.net/crypt and read the appropriate section for building blowfish salts. in [/var/www/html/cake/lib/Cake/Utility/Security.php, line 323]
Trace:
ErrorHandler::handleError() - CORE/Cake/Error/ErrorHandler.php, line 230
Security::_crypt() - CORE/Cake/Utility/Security.php, line 323
Security::hash() - CORE/Cake/Utility/Security.php, line 115
BlowfishPasswordHasher::check() - CORE/Cake/Controller/Component/Auth/BlowfishPasswordHasher.php, line 45
BaseAuthenticate::_findUser() - CORE/Cake/Controller/Component/Auth/BaseAuthenticate.php, line 138
FormAuthenticate::authenticate() - CORE/Cake/Controller/Component/Auth/FormAuthenticate.php, line 78
AuthComponent::identify() - CORE/Cake/Controller/Component/AuthComponent.php, line 771
AuthComponent::login() - CORE/Cake/Controller/Component/AuthComponent.php, line 611
UsersController::login() - APP/Controller/UsersController.php, line 80
ReflectionMethod::invokeArgs() - [internal], line ??
Controller::invokeAction() - CORE/Cake/Controller/Controller.php, line 491
Dispatcher::_invoke() - CORE/Cake/Routing/Dispatcher.php, line 193
Dispatcher::dispatch() - CORE/Cake/Routing/Dispatcher.php, line 167
[main] - APP/webroot/index.php, line 117

2017-10-01 14:14:01 Warning: Warning (512): Invalid salt: 123456 for blowfish Please visit http://www.php.net/crypt and read the appropriate section for building blowfish salts. in [/var/www/html/cake/lib/Cake/Utility/Security.php, line 323]
Trace:
ErrorHandler::handleError() - CORE/Cake/Error/ErrorHandler.php, line 230
Security::_crypt() - CORE/Cake/Utility/Security.php, line 323
Security::hash() - CORE/Cake/Utility/Security.php, line 115
BlowfishPasswordHasher::check() - CORE/Cake/Controller/Component/Auth/BlowfishPasswordHasher.php, line 45
BaseAuthenticate::_findUser() - CORE/Cake/Controller/Component/Auth/BaseAuthenticate.php, line 138
FormAuthenticate::authenticate() - CORE/Cake/Controller/Component/Auth/FormAuthenticate.php, line 78
AuthComponent::identify() - CORE/Cake/Controller/Component/AuthComponent.php, line 771
AuthComponent::login() - CORE/Cake/Controller/Component/AuthComponent.php, line 611
UsersController::login() - APP/Controller/UsersController.php, line 80
ReflectionMethod::invokeArgs() - [internal], line ??
Controller::invokeAction() - CORE/Cake/Controller/Controller.php, line 491
Dispatcher::_invoke() - CORE/Cake/Routing/Dispatcher.php, line 193
Dispatcher::dispatch() - CORE/Cake/Routing/Dispatcher.php, line 167
[main] - APP/webroot/index.php, line 117

2017-10-01 14:23:08 Error: [MissingViewException] View file "Users/index.ctp" is missing.
Exception Attributes: array (
  'file' => 'Users/index.ctp',
)
Request URL: /users
Stack Trace:
#0 /var/www/html/cake/lib/Cake/View/View.php(470): View->_getViewFileName('Users/index')
#1 /var/www/html/cake/lib/Cake/Controller/Controller.php(963): View->render(NULL, NULL)
#2 /var/www/html/cake/lib/Cake/Routing/Dispatcher.php(200): Controller->render()
#3 /var/www/html/cake/lib/Cake/Routing/Dispatcher.php(167): Dispatcher->_invoke(Object(UsersController), Object(CakeRequest))
#4 /var/www/html/cake/app/webroot/index.php(117): Dispatcher->dispatch(Object(CakeRequest), Object(CakeResponse))
#5 {main}
2017-10-01 14:27:00 Error: [MissingActionException] Action UsersController::update() could not be found.
Exception Attributes: array (
  'controller' => 'UsersController',
  'action' => 'update',
)
Request URL: /users/update/1
Stack Trace:
#0 /var/www/html/cake/lib/Cake/Routing/Dispatcher.php(193): Controller->invokeAction(Object(CakeRequest))
#1 /var/www/html/cake/lib/Cake/Routing/Dispatcher.php(167): Dispatcher->_invoke(Object(UsersController), Object(CakeRequest))
#2 /var/www/html/cake/app/webroot/index.php(117): Dispatcher->dispatch(Object(CakeRequest), Object(CakeResponse))
#3 {main}
2017-10-01 14:28:46 Error: [Error] Class 'Users' not found
Request URL: /users/update/1
Stack Trace:
#0 [internal function]: UsersController->update('1')
#1 /var/www/html/cake/lib/Cake/Controller/Controller.php(491): ReflectionMethod->invokeArgs(Object(UsersController), Array)
#2 /var/www/html/cake/lib/Cake/Routing/Dispatcher.php(193): Controller->invokeAction(Object(CakeRequest))
#3 /var/www/html/cake/lib/Cake/Routing/Dispatcher.php(167): Dispatcher->_invoke(Object(UsersController), Object(CakeRequest))
#4 /var/www/html/cake/app/webroot/index.php(117): Dispatcher->dispatch(Object(CakeRequest), Object(CakeResponse))
#5 {main}
2017-10-01 14:29:45 Error: [Error] Class 'Users' not found
Request URL: /users/update/1
Stack Trace:
#0 [internal function]: UsersController->update('1')
#1 /var/www/html/cake/lib/Cake/Controller/Controller.php(491): ReflectionMethod->invokeArgs(Object(UsersController), Array)
#2 /var/www/html/cake/lib/Cake/Routing/Dispatcher.php(193): Controller->invokeAction(Object(CakeRequest))
#3 /var/www/html/cake/lib/Cake/Routing/Dispatcher.php(167): Dispatcher->_invoke(Object(UsersController), Object(CakeRequest))
#4 /var/www/html/cake/app/webroot/index.php(117): Dispatcher->dispatch(Object(CakeRequest), Object(CakeResponse))
#5 {main}
2017-10-01 14:30:27 Error: [Error] Class 'Users' not found
Request URL: /users/update/1
Stack Trace:
#0 [internal function]: UsersController->update('1')
#1 /var/www/html/cake/lib/Cake/Controller/Controller.php(491): ReflectionMethod->invokeArgs(Object(UsersController), Array)
#2 /var/www/html/cake/lib/Cake/Routing/Dispatcher.php(193): Controller->invokeAction(Object(CakeRequest))
#3 /var/www/html/cake/lib/Cake/Routing/Dispatcher.php(167): Dispatcher->_invoke(Object(UsersController), Object(CakeRequest))
#4 /var/www/html/cake/app/webroot/index.php(117): Dispatcher->dispatch(Object(CakeRequest), Object(CakeResponse))
#5 {main}
2017-10-01 14:31:53 Error: [Error] Class 'Users' not found
Request URL: /users/update/1
Stack Trace:
#0 [internal function]: UsersController->update('1')
#1 /var/www/html/cake/lib/Cake/Controller/Controller.php(491): ReflectionMethod->invokeArgs(Object(UsersController), Array)
#2 /var/www/html/cake/lib/Cake/Routing/Dispatcher.php(193): Controller->invokeAction(Object(CakeRequest))
#3 /var/www/html/cake/lib/Cake/Routing/Dispatcher.php(167): Dispatcher->_invoke(Object(UsersController), Object(CakeRequest))
#4 /var/www/html/cake/app/webroot/index.php(117): Dispatcher->dispatch(Object(CakeRequest), Object(CakeResponse))
#5 {main}
2017-10-01 14:31:57 Error: [Error] Class 'Users' not found
Request URL: /users/update/1
Stack Trace:
#0 [internal function]: UsersController->update('1')
#1 /var/www/html/cake/lib/Cake/Controller/Controller.php(491): ReflectionMethod->invokeArgs(Object(UsersController), Array)
#2 /var/www/html/cake/lib/Cake/Routing/Dispatcher.php(193): Controller->invokeAction(Object(CakeRequest))
#3 /var/www/html/cake/lib/Cake/Routing/Dispatcher.php(167): Dispatcher->_invoke(Object(UsersController), Object(CakeRequest))
#4 /var/www/html/cake/app/webroot/index.php(117): Dispatcher->dispatch(Object(CakeRequest), Object(CakeResponse))
#5 {main}
2017-10-01 14:31:58 Error: [Error] Class 'Users' not found
Request URL: /users/update/1
Stack Trace:
#0 [internal function]: UsersController->update('1')
#1 /var/www/html/cake/lib/Cake/Controller/Controller.php(491): ReflectionMethod->invokeArgs(Object(UsersController), Array)
#2 /var/www/html/cake/lib/Cake/Routing/Dispatcher.php(193): Controller->invokeAction(Object(CakeRequest))
#3 /var/www/html/cake/lib/Cake/Routing/Dispatcher.php(167): Dispatcher->_invoke(Object(UsersController), Object(CakeRequest))
#4 /var/www/html/cake/app/webroot/index.php(117): Dispatcher->dispatch(Object(CakeRequest), Object(CakeResponse))
#5 {main}
2017-10-01 14:31:58 Error: [Error] Class 'Users' not found
Request URL: /users/update/1
Stack Trace:
#0 [internal function]: UsersController->update('1')
#1 /var/www/html/cake/lib/Cake/Controller/Controller.php(491): ReflectionMethod->invokeArgs(Object(UsersController), Array)
#2 /var/www/html/cake/lib/Cake/Routing/Dispatcher.php(193): Controller->invokeAction(Object(CakeRequest))
#3 /var/www/html/cake/lib/Cake/Routing/Dispatcher.php(167): Dispatcher->_invoke(Object(UsersController), Object(CakeRequest))
#4 /var/www/html/cake/app/webroot/index.php(117): Dispatcher->dispatch(Object(CakeRequest), Object(CakeResponse))
#5 {main}
2017-10-01 14:32:13 Error: [MissingViewException] View file "Users/update.ctp" is missing.
Exception Attributes: array (
  'file' => 'Users/update.ctp',
)
Request URL: /users/update/1
Stack Trace:
#0 /var/www/html/cake/lib/Cake/View/View.php(470): View->_getViewFileName('Users/update')
#1 /var/www/html/cake/lib/Cake/Controller/Controller.php(963): View->render(NULL, NULL)
#2 /var/www/html/cake/lib/Cake/Routing/Dispatcher.php(200): Controller->render()
#3 /var/www/html/cake/lib/Cake/Routing/Dispatcher.php(167): Dispatcher->_invoke(Object(UsersController), Object(CakeRequest))
#4 /var/www/html/cake/app/webroot/index.php(117): Dispatcher->dispatch(Object(CakeRequest), Object(CakeResponse))
#5 {main}
2017-10-01 16:45:07 Error: [CakeException] Method session does not exist
Request URL: /
Stack Trace:
#0 /var/www/html/cake/app/View/Layouts/default.ctp(36): CakeRequest->__call('session', Array)
#1 /var/www/html/cake/lib/Cake/View/View.php(971): include('/var/www/html/c...')
#2 /var/www/html/cake/lib/Cake/View/View.php(933): View->_evaluate('/var/www/html/c...', Array)
#3 /var/www/html/cake/lib/Cake/View/View.php(546): View->_render('/var/www/html/c...')
#4 /var/www/html/cake/lib/Cake/View/View.php(481): View->renderLayout('<!-- File: /app...', 'default')
#5 /var/www/html/cake/lib/Cake/Controller/Controller.php(963): View->render(NULL, 'default')
#6 /var/www/html/cake/lib/Cake/Routing/Dispatcher.php(200): Controller->render()
#7 /var/www/html/cake/lib/Cake/Routing/Dispatcher.php(167): Dispatcher->_invoke(Object(PostsController), Object(CakeRequest))
#8 /var/www/html/cake/app/webroot/index.php(117): Dispatcher->dispatch(Object(CakeRequest), Object(CakeResponse))
#9 {main}
2017-10-01 16:46:13 Error: [CakeException] Method session does not exist
Request URL: /users/index
Stack Trace:
#0 /var/www/html/cake/app/View/Layouts/default.ctp(49): CakeRequest->__call('session', Array)
#1 /var/www/html/cake/lib/Cake/View/View.php(971): include('/var/www/html/c...')
#2 /var/www/html/cake/lib/Cake/View/View.php(933): View->_evaluate('/var/www/html/c...', Array)
#3 /var/www/html/cake/lib/Cake/View/View.php(546): View->_render('/var/www/html/c...')
#4 /var/www/html/cake/lib/Cake/View/View.php(481): View->renderLayout('<div class="use...', 'default')
#5 /var/www/html/cake/lib/Cake/Controller/Controller.php(963): View->render(NULL, 'default')
#6 /var/www/html/cake/lib/Cake/Routing/Dispatcher.php(200): Controller->render()
#7 /var/www/html/cake/lib/Cake/Routing/Dispatcher.php(167): Dispatcher->_invoke(Object(UsersController), Object(CakeRequest))
#8 /var/www/html/cake/app/webroot/index.php(117): Dispatcher->dispatch(Object(CakeRequest), Object(CakeResponse))
#9 {main}
2017-10-01 16:49:59 Error: [Error] Call to undefined function session()
Request URL: /users/index
Stack Trace:
#0 /var/www/html/cake/lib/Cake/View/View.php(971): include()
#1 /var/www/html/cake/lib/Cake/View/View.php(933): View->_evaluate('/var/www/html/c...', Array)
#2 /var/www/html/cake/lib/Cake/View/View.php(546): View->_render('/var/www/html/c...')
#3 /var/www/html/cake/lib/Cake/View/View.php(481): View->renderLayout('<div class="use...', 'default')
#4 /var/www/html/cake/lib/Cake/Controller/Controller.php(963): View->render(NULL, 'default')
#5 /var/www/html/cake/lib/Cake/Routing/Dispatcher.php(200): Controller->render()
#6 /var/www/html/cake/lib/Cake/Routing/Dispatcher.php(167): Dispatcher->_invoke(Object(UsersController), Object(CakeRequest))
#7 /var/www/html/cake/app/webroot/index.php(117): Dispatcher->dispatch(Object(CakeRequest), Object(CakeResponse))
#8 {main}
2017-10-01 16:50:01 Error: [Error] Call to undefined function session()
Request URL: /users/index
Stack Trace:
#0 /var/www/html/cake/lib/Cake/View/View.php(971): include()
#1 /var/www/html/cake/lib/Cake/View/View.php(933): View->_evaluate('/var/www/html/c...', Array)
#2 /var/www/html/cake/lib/Cake/View/View.php(546): View->_render('/var/www/html/c...')
#3 /var/www/html/cake/lib/Cake/View/View.php(481): View->renderLayout('<div class="use...', 'default')
#4 /var/www/html/cake/lib/Cake/Controller/Controller.php(963): View->render(NULL, 'default')
#5 /var/www/html/cake/lib/Cake/Routing/Dispatcher.php(200): Controller->render()
#6 /var/www/html/cake/lib/Cake/Routing/Dispatcher.php(167): Dispatcher->_invoke(Object(UsersController), Object(CakeRequest))
#7 /var/www/html/cake/app/webroot/index.php(117): Dispatcher->dispatch(Object(CakeRequest), Object(CakeResponse))
#8 {main}
2017-10-01 16:51:00 Error: [Error] Call to undefined method View::session()
Request URL: /users/index
Stack Trace:
#0 /var/www/html/cake/lib/Cake/View/View.php(971): include()
#1 /var/www/html/cake/lib/Cake/View/View.php(933): View->_evaluate('/var/www/html/c...', Array)
#2 /var/www/html/cake/lib/Cake/View/View.php(546): View->_render('/var/www/html/c...')
#3 /var/www/html/cake/lib/Cake/View/View.php(481): View->renderLayout('<div class="use...', 'default')
#4 /var/www/html/cake/lib/Cake/Controller/Controller.php(963): View->render(NULL, 'default')
#5 /var/www/html/cake/lib/Cake/Routing/Dispatcher.php(200): Controller->render()
#6 /var/www/html/cake/lib/Cake/Routing/Dispatcher.php(167): Dispatcher->_invoke(Object(UsersController), Object(CakeRequest))
#7 /var/www/html/cake/app/webroot/index.php(117): Dispatcher->dispatch(Object(CakeRequest), Object(CakeResponse))
#8 {main}
2017-10-01 16:51:02 Error: [Error] Call to undefined method View::session()
Request URL: /users/index
Stack Trace:
#0 /var/www/html/cake/lib/Cake/View/View.php(971): include()
#1 /var/www/html/cake/lib/Cake/View/View.php(933): View->_evaluate('/var/www/html/c...', Array)
#2 /var/www/html/cake/lib/Cake/View/View.php(546): View->_render('/var/www/html/c...')
#3 /var/www/html/cake/lib/Cake/View/View.php(481): View->renderLayout('<div class="use...', 'default')
#4 /var/www/html/cake/lib/Cake/Controller/Controller.php(963): View->render(NULL, 'default')
#5 /var/www/html/cake/lib/Cake/Routing/Dispatcher.php(200): Controller->render()
#6 /var/www/html/cake/lib/Cake/Routing/Dispatcher.php(167): Dispatcher->_invoke(Object(UsersController), Object(CakeRequest))
#7 /var/www/html/cake/app/webroot/index.php(117): Dispatcher->dispatch(Object(CakeRequest), Object(CakeResponse))
#8 {main}
2017-10-01 16:51:02 Error: [Error] Call to undefined method View::session()
Request URL: /users/index
Stack Trace:
#0 /var/www/html/cake/lib/Cake/View/View.php(971): include()
#1 /var/www/html/cake/lib/Cake/View/View.php(933): View->_evaluate('/var/www/html/c...', Array)
#2 /var/www/html/cake/lib/Cake/View/View.php(546): View->_render('/var/www/html/c...')
#3 /var/www/html/cake/lib/Cake/View/View.php(481): View->renderLayout('<div class="use...', 'default')
#4 /var/www/html/cake/lib/Cake/Controller/Controller.php(963): View->render(NULL, 'default')
#5 /var/www/html/cake/lib/Cake/Routing/Dispatcher.php(200): Controller->render()
#6 /var/www/html/cake/lib/Cake/Routing/Dispatcher.php(167): Dispatcher->_invoke(Object(UsersController), Object(CakeRequest))
#7 /var/www/html/cake/app/webroot/index.php(117): Dispatcher->dispatch(Object(CakeRequest), Object(CakeResponse))
#8 {main}
2017-10-01 16:51:02 Error: [Error] Call to undefined method View::session()
Request URL: /users/index
Stack Trace:
#0 /var/www/html/cake/lib/Cake/View/View.php(971): include()
#1 /var/www/html/cake/lib/Cake/View/View.php(933): View->_evaluate('/var/www/html/c...', Array)
#2 /var/www/html/cake/lib/Cake/View/View.php(546): View->_render('/var/www/html/c...')
#3 /var/www/html/cake/lib/Cake/View/View.php(481): View->renderLayout('<div class="use...', 'default')
#4 /var/www/html/cake/lib/Cake/Controller/Controller.php(963): View->render(NULL, 'default')
#5 /var/www/html/cake/lib/Cake/Routing/Dispatcher.php(200): Controller->render()
#6 /var/www/html/cake/lib/Cake/Routing/Dispatcher.php(167): Dispatcher->_invoke(Object(UsersController), Object(CakeRequest))
#7 /var/www/html/cake/app/webroot/index.php(117): Dispatcher->dispatch(Object(CakeRequest), Object(CakeResponse))
#8 {main}
2017-10-01 16:51:02 Error: [Error] Call to undefined method View::session()
Request URL: /users/index
Stack Trace:
#0 /var/www/html/cake/lib/Cake/View/View.php(971): include()
#1 /var/www/html/cake/lib/Cake/View/View.php(933): View->_evaluate('/var/www/html/c...', Array)
#2 /var/www/html/cake/lib/Cake/View/View.php(546): View->_render('/var/www/html/c...')
#3 /var/www/html/cake/lib/Cake/View/View.php(481): View->renderLayout('<div class="use...', 'default')
#4 /var/www/html/cake/lib/Cake/Controller/Controller.php(963): View->render(NULL, 'default')
#5 /var/www/html/cake/lib/Cake/Routing/Dispatcher.php(200): Controller->render()
#6 /var/www/html/cake/lib/Cake/Routing/Dispatcher.php(167): Dispatcher->_invoke(Object(UsersController), Object(CakeRequest))
#7 /var/www/html/cake/app/webroot/index.php(117): Dispatcher->dispatch(Object(CakeRequest), Object(CakeResponse))
#8 {main}
2017-10-01 16:51:03 Error: [Error] Call to undefined method View::session()
Request URL: /users/index
Stack Trace:
#0 /var/www/html/cake/lib/Cake/View/View.php(971): include()
#1 /var/www/html/cake/lib/Cake/View/View.php(933): View->_evaluate('/var/www/html/c...', Array)
#2 /var/www/html/cake/lib/Cake/View/View.php(546): View->_render('/var/www/html/c...')
#3 /var/www/html/cake/lib/Cake/View/View.php(481): View->renderLayout('<div class="use...', 'default')
#4 /var/www/html/cake/lib/Cake/Controller/Controller.php(963): View->render(NULL, 'default')
#5 /var/www/html/cake/lib/Cake/Routing/Dispatcher.php(200): Controller->render()
#6 /var/www/html/cake/lib/Cake/Routing/Dispatcher.php(167): Dispatcher->_invoke(Object(UsersController), Object(CakeRequest))
#7 /var/www/html/cake/app/webroot/index.php(117): Dispatcher->dispatch(Object(CakeRequest), Object(CakeResponse))
#8 {main}
2017-10-01 17:03:07 Error: [ParseError] syntax error, unexpected ''description'' (T_CONSTANT_ENCAPSED_STRING), expecting function (T_FUNCTION) or const (T_CONST)
Request URL: /users/index
Stack Trace:
#0 [internal function]: App::load('User')
#1 [internal function]: spl_autoload_call('User')
#2 /var/www/html/cake/lib/Cake/Utility/ClassRegistry.php(146): class_exists('User')
#3 /var/www/html/cake/lib/Cake/Controller/Controller.php(741): ClassRegistry::init('User')
#4 /var/www/html/cake/lib/Cake/Controller/Controller.php(368): Controller->loadModel('User')
#5 /var/www/html/cake/lib/Cake/Controller/Controller.php(406): Controller->__isset('User')
#6 /var/www/html/cake/app/Controller/UsersController.php(9): Controller->__get('User')
#7 [internal function]: UsersController->index()
#8 /var/www/html/cake/lib/Cake/Controller/Controller.php(491): ReflectionMethod->invokeArgs(Object(UsersController), Array)
#9 /var/www/html/cake/lib/Cake/Routing/Dispatcher.php(193): Controller->invokeAction(Object(CakeRequest))
#10 /var/www/html/cake/lib/Cake/Routing/Dispatcher.php(167): Dispatcher->_invoke(Object(UsersController), Object(CakeRequest))
#11 /var/www/html/cake/app/webroot/index.php(117): Dispatcher->dispatch(Object(CakeRequest), Object(CakeResponse))
#12 {main}
2017-10-01 17:09:36 Error: [Error] Call to a member function input() on null
Request URL: /users/index
Stack Trace:
#0 /var/www/html/cake/lib/Cake/View/View.php(971): include()
#1 /var/www/html/cake/lib/Cake/View/View.php(933): View->_evaluate('/var/www/html/c...', Array)
#2 /var/www/html/cake/lib/Cake/View/View.php(473): View->_render('/var/www/html/c...')
#3 /var/www/html/cake/lib/Cake/Controller/Controller.php(963): View->render(NULL, NULL)
#4 /var/www/html/cake/lib/Cake/Routing/Dispatcher.php(200): Controller->render()
#5 /var/www/html/cake/lib/Cake/Routing/Dispatcher.php(167): Dispatcher->_invoke(Object(UsersController), Object(CakeRequest))
#6 /var/www/html/cake/app/webroot/index.php(117): Dispatcher->dispatch(Object(CakeRequest), Object(CakeResponse))
#7 {main}
2017-10-01 17:09:39 Error: [Error] Call to a member function input() on null
Request URL: /users/index
Stack Trace:
#0 /var/www/html/cake/lib/Cake/View/View.php(971): include()
#1 /var/www/html/cake/lib/Cake/View/View.php(933): View->_evaluate('/var/www/html/c...', Array)
#2 /var/www/html/cake/lib/Cake/View/View.php(473): View->_render('/var/www/html/c...')
#3 /var/www/html/cake/lib/Cake/Controller/Controller.php(963): View->render(NULL, NULL)
#4 /var/www/html/cake/lib/Cake/Routing/Dispatcher.php(200): Controller->render()
#5 /var/www/html/cake/lib/Cake/Routing/Dispatcher.php(167): Dispatcher->_invoke(Object(UsersController), Object(CakeRequest))
#6 /var/www/html/cake/app/webroot/index.php(117): Dispatcher->dispatch(Object(CakeRequest), Object(CakeResponse))
#7 {main}
2017-10-02 10:17:46 Error: [Error] Call to a member function input() on null
Request URL: /users/login
Stack Trace:
#0 /var/www/html/cake/lib/Cake/View/View.php(971): include()
#1 /var/www/html/cake/lib/Cake/View/View.php(933): View->_evaluate('/var/www/html/c...', Array)
#2 /var/www/html/cake/lib/Cake/View/View.php(546): View->_render('/var/www/html/c...')
#3 /var/www/html/cake/lib/Cake/View/View.php(481): View->renderLayout('<div class="use...', 'default')
#4 /var/www/html/cake/lib/Cake/Controller/Controller.php(963): View->render(NULL, 'default')
#5 /var/www/html/cake/lib/Cake/Routing/Dispatcher.php(200): Controller->render()
#6 /var/www/html/cake/lib/Cake/Routing/Dispatcher.php(167): Dispatcher->_invoke(Object(UsersController), Object(CakeRequest))
#7 /var/www/html/cake/app/webroot/index.php(117): Dispatcher->dispatch(Object(CakeRequest), Object(CakeResponse))
#8 {main}
2017-10-02 10:55:55 Error: [Error] Call to undefined function is_user_logged_in()
Request URL: /pages/home
Stack Trace:
#0 /var/www/html/cake/lib/Cake/View/View.php(971): include()
#1 /var/www/html/cake/lib/Cake/View/View.php(933): View->_evaluate('/var/www/html/c...', Array)
#2 /var/www/html/cake/lib/Cake/View/View.php(546): View->_render('/var/www/html/c...')
#3 /var/www/html/cake/lib/Cake/View/View.php(481): View->renderLayout('<h2>Release Not...', 'default')
#4 /var/www/html/cake/lib/Cake/Controller/Controller.php(963): View->render('home', 'default')
#5 /var/www/html/cake/app/Controller/PagesController.php(72): Controller->render('home')
#6 [internal function]: PagesController->display('home')
#7 /var/www/html/cake/lib/Cake/Controller/Controller.php(491): ReflectionMethod->invokeArgs(Object(PagesController), Array)
#8 /var/www/html/cake/lib/Cake/Routing/Dispatcher.php(193): Controller->invokeAction(Object(CakeRequest))
#9 /var/www/html/cake/lib/Cake/Routing/Dispatcher.php(167): Dispatcher->_invoke(Object(PagesController), Object(CakeRequest))
#10 /var/www/html/cake/app/webroot/index.php(117): Dispatcher->dispatch(Object(CakeRequest), Object(CakeResponse))
#11 {main}
2017-10-02 10:57:10 Error: [Error] Call to undefined function is_user_logged_in()
Request URL: /users/index
Stack Trace:
#0 /var/www/html/cake/lib/Cake/View/View.php(971): include()
#1 /var/www/html/cake/lib/Cake/View/View.php(933): View->_evaluate('/var/www/html/c...', Array)
#2 /var/www/html/cake/lib/Cake/View/View.php(546): View->_render('/var/www/html/c...')
#3 /var/www/html/cake/lib/Cake/View/View.php(481): View->renderLayout('<div class="use...', 'default')
#4 /var/www/html/cake/lib/Cake/Controller/Controller.php(963): View->render(NULL, 'default')
#5 /var/www/html/cake/lib/Cake/Routing/Dispatcher.php(200): Controller->render()
#6 /var/www/html/cake/lib/Cake/Routing/Dispatcher.php(167): Dispatcher->_invoke(Object(UsersController), Object(CakeRequest))
#7 /var/www/html/cake/app/webroot/index.php(117): Dispatcher->dispatch(Object(CakeRequest), Object(CakeResponse))
#8 {main}
2017-10-02 10:58:00 Error: [Error] Call to undefined function login()
Request URL: /users/index
Stack Trace:
#0 /var/www/html/cake/lib/Cake/View/View.php(971): include()
#1 /var/www/html/cake/lib/Cake/View/View.php(933): View->_evaluate('/var/www/html/c...', Array)
#2 /var/www/html/cake/lib/Cake/View/View.php(546): View->_render('/var/www/html/c...')
#3 /var/www/html/cake/lib/Cake/View/View.php(481): View->renderLayout('<div class="use...', 'default')
#4 /var/www/html/cake/lib/Cake/Controller/Controller.php(963): View->render(NULL, 'default')
#5 /var/www/html/cake/lib/Cake/Routing/Dispatcher.php(200): Controller->render()
#6 /var/www/html/cake/lib/Cake/Routing/Dispatcher.php(167): Dispatcher->_invoke(Object(UsersController), Object(CakeRequest))
#7 /var/www/html/cake/app/webroot/index.php(117): Dispatcher->dispatch(Object(CakeRequest), Object(CakeResponse))
#8 {main}
2017-10-02 11:17:06 Error: [Error] Call to a member function destroy() on null
Request URL: /users/logout
Stack Trace:
#0 [internal function]: UsersController->logout()
#1 /var/www/html/cake/lib/Cake/Controller/Controller.php(491): ReflectionMethod->invokeArgs(Object(UsersController), Array)
#2 /var/www/html/cake/lib/Cake/Routing/Dispatcher.php(193): Controller->invokeAction(Object(CakeRequest))
#3 /var/www/html/cake/lib/Cake/Routing/Dispatcher.php(167): Dispatcher->_invoke(Object(UsersController), Object(CakeRequest))
#4 /var/www/html/cake/app/webroot/index.php(117): Dispatcher->dispatch(Object(CakeRequest), Object(CakeResponse))
#5 {main}
2017-10-02 11:17:10 Error: [Error] Call to a member function destroy() on null
Request URL: /users/logout
Stack Trace:
#0 [internal function]: UsersController->logout()
#1 /var/www/html/cake/lib/Cake/Controller/Controller.php(491): ReflectionMethod->invokeArgs(Object(UsersController), Array)
#2 /var/www/html/cake/lib/Cake/Routing/Dispatcher.php(193): Controller->invokeAction(Object(CakeRequest))
#3 /var/www/html/cake/lib/Cake/Routing/Dispatcher.php(167): Dispatcher->_invoke(Object(UsersController), Object(CakeRequest))
#4 /var/www/html/cake/app/webroot/index.php(117): Dispatcher->dispatch(Object(CakeRequest), Object(CakeResponse))
#5 {main}
2017-10-02 11:17:54 Error: [Error] Call to a member function delete() on null
Request URL: /users/logout
Stack Trace:
#0 [internal function]: UsersController->logout()
#1 /var/www/html/cake/lib/Cake/Controller/Controller.php(491): ReflectionMethod->invokeArgs(Object(UsersController), Array)
#2 /var/www/html/cake/lib/Cake/Routing/Dispatcher.php(193): Controller->invokeAction(Object(CakeRequest))
#3 /var/www/html/cake/lib/Cake/Routing/Dispatcher.php(167): Dispatcher->_invoke(Object(UsersController), Object(CakeRequest))
#4 /var/www/html/cake/app/webroot/index.php(117): Dispatcher->dispatch(Object(CakeRequest), Object(CakeResponse))
#5 {main}
2017-10-02 11:25:47 Error: [Error] Call to a member function delete() on null
Request URL: /users/logout
Stack Trace:
#0 [internal function]: UsersController->logout()
#1 /var/www/html/cake/lib/Cake/Controller/Controller.php(491): ReflectionMethod->invokeArgs(Object(UsersController), Array)
#2 /var/www/html/cake/lib/Cake/Routing/Dispatcher.php(193): Controller->invokeAction(Object(CakeRequest))
#3 /var/www/html/cake/lib/Cake/Routing/Dispatcher.php(167): Dispatcher->_invoke(Object(UsersController), Object(CakeRequest))
#4 /var/www/html/cake/app/webroot/index.php(117): Dispatcher->dispatch(Object(CakeRequest), Object(CakeResponse))
#5 {main}
